<?xml version="1.0" encoding="UTF-8"?>
<testsuite xmlns:xsi="http://www.w3.org/2001/XMLSchema-instance" xsi:noNamespaceSchemaLocation="https://maven.apache.org/surefire/maven-surefire-plugin/xsd/surefire-test-report.xsd" name="features.login.PositiveLoginTest" time="25.734" tests="2" errors="1" skipped="0" failures="1">
  <properties>
[...]
</properties>
  <testcase name="loginWithBaseUserTest" classname="features.login.PositiveLoginTest" time="14.75">
    <error message="stale element reference: element is not attached to the page document&#10;  (Session info: chrome=91.0.4472.164)&#10;For documentation on this error, please visit: https://www.seleniumhq.org/exceptions/stale_element_reference.html&#10;Build info: version: &apos;3.141.59&apos;, revision: &apos;e82be7d358&apos;, time: &apos;2018-11-14T08:17:03&apos;&#10;System info: host: &apos;DESKTOP-UBVVRM2&apos;, ip: &apos;192.168.43.92&apos;, os.name: &apos;Windows 10&apos;, os.arch: &apos;amd64&apos;, os.version: &apos;10.0&apos;, java.version: &apos;1.8.0_271&apos;&#10;Driver info: org.openqa.selenium.chrome.ChromeDriver&#10;Capabilities {acceptInsecureCerts: false, browserName: chrome, browserVersion: 91.0.4472.164, chrome: {chromedriverVersion: 91.0.4472.101 (af52a90bf870..., userDataDir: C:\Users\19FB~1\AppData\Loc...}, goog:chromeOptions: {debuggerAddress: localhost:54120}, javascriptEnabled: true, networkConnectionEnabled: false, pageLoadStrategy: normal, platform: WINDOWS, platformName: WINDOWS, proxy: Proxy(), setWindowRect: true, strictFileInteractability: false, timeouts: {implicit: 0, pageLoad: 300000, script: 30000}, unhandledPromptBehavior: dismiss and notify, webauthn:extension:largeBlob: true, webauthn:virtualAuthenticators: true}&#10;Session ID: 534e19a7b7b4497870479165939a1708" type="org.openqa.selenium.StaleElementReferenceException">org.openqa.selenium.StaleElementReferenceException: 
stale element reference: element is not attached to the page document
  (Session info: chrome=91.0.4472.164)
For documentation on this error, please visit: https://www.seleniumhq.org/exceptions/stale_element_reference.html
Build info: version: '3.141.59', revision: 'e82be7d358', time: '2018-11-14T08:17:03'
System info: host: 'DESKTOP-UBVVRM2', ip: '192.168.43.92', os.name: 'Windows 10', os.arch: 'amd64', os.version: '10.0', java.version: '1.8.0_271'
Driver info: org.openqa.selenium.chrome.ChromeDriver
Capabilities {acceptInsecureCerts: false, browserName: chrome, browserVersion: 91.0.4472.164, chrome: {chromedriverVersion: 91.0.4472.101 (af52a90bf870..., userDataDir: C:\Users\19FB~1\AppData\Loc...}, goog:chromeOptions: {debuggerAddress: localhost:54120}, javascriptEnabled: true, networkConnectionEnabled: false, pageLoadStrategy: normal, platform: WINDOWS, platformName: WINDOWS, proxy: Proxy(), setWindowRect: true, strictFileInteractability: false, timeouts: {implicit: 0, pageLoad: 300000, script: 30000}, unhandledPromptBehavior: dismiss and notify, webauthn:extension:largeBlob: true, webauthn:virtualAuthenticators: true}
Session ID: 534e19a7b7b4497870479165939a1708
	at features.login.PositiveLoginTest.loginWithBaseUserTest(PositiveLoginTest.java:26)
</error>
    <system-out><![CDATA[========================= START LOG BROWSER =============
========================= END LOG BROWSER =============
]]></system-out>
    <system-err><![CDATA[[main] INFO io.github.bonigarcia.wdm.WebDriverManager - Using chromedriver 91.0.4472.101 (resolved driver for Chrome 91)
[main] INFO io.github.bonigarcia.wdm.WebDriverManager - Exporting webdriver.chrome.driver as C:\Users\ВАИПУ\.cache\selenium\chromedriver\win32\91.0.4472.101\chromedriver.exe
Starting ChromeDriver 91.0.4472.101 (af52a90bf87030dd1523486a1cd3ae25c5d76c9b-refs/branch-heads/4472@{#1462}) on port 9676
Only local connections are allowed.
Please see https://chromedriver.chromium.org/security-considerations for suggestions on keeping ChromeDriver safe.
ChromeDriver was started successfully.
июл 20, 2021 5:36:30 PM org.openqa.selenium.remote.ProtocolHandshake createSession
INFO: Detected dialect: W3C
июл 20, 2021 5:36:30 PM org.openqa.selenium.remote.RemoteWebDriver log
INFO: Executing: setTimeout [534e19a7b7b4497870479165939a1708, setTimeout {implicit=10000}]
июл 20, 2021 5:36:30 PM org.openqa.selenium.remote.RemoteWebDriver log
INFO: Executed: [534e19a7b7b4497870479165939a1708, setTimeout {implicit=10000}]
июл 20, 2021 5:36:30 PM org.openqa.selenium.remote.RemoteWebDriver log
INFO: Executing: maximizeCurrentWindow [534e19a7b7b4497870479165939a1708, maximizeCurrentWindow {}]
июл 20, 2021 5:36:30 PM org.openqa.selenium.remote.RemoteWebDriver log
INFO: Executed: [534e19a7b7b4497870479165939a1708, maximizeCurrentWindow {}]
июл 20, 2021 5:36:30 PM org.openqa.selenium.remote.RemoteWebDriver log
INFO: Executing: get [534e19a7b7b4497870479165939a1708, get {url=https://crm.geekbrains.space/user/login}]
июл 20, 2021 5:36:37 PM org.openqa.selenium.remote.RemoteWebDriver log
INFO: Executed: [534e19a7b7b4497870479165939a1708, get {url=https://crm.geekbrains.space/user/login}]
[main] INFO org.openqa.selenium.WebDriver - Перед поиском элемента path: By.cssSelector: input[id='prependedInput']
июл 20, 2021 5:36:37 PM org.openqa.selenium.remote.RemoteWebDriver log
INFO: Executing: findElement [534e19a7b7b4497870479165939a1708, findElement {using=css selector, value=input[id='prependedInput']}]
июл 20, 2021 5:36:37 PM org.openqa.selenium.remote.RemoteWebDriver log
INFO: Executed: [534e19a7b7b4497870479165939a1708, findElement {using=css selector, value=input[id='prependedInput']}]
июл 20, 2021 5:36:37 PM org.openqa.selenium.remote.RemoteWebDriver log
INFO: Executing: sendKeysToElement [534e19a7b7b4497870479165939a1708, sendKeysToElement {id=09499cfc-48e9-4147-b5f3-4a7167da730a, value=[Ljava.lang.CharSequence;@64dc86c6}]
июл 20, 2021 5:36:37 PM org.openqa.selenium.remote.RemoteWebDriver log
INFO: Executed: [534e19a7b7b4497870479165939a1708, sendKeysToElement {id=09499cfc-48e9-4147-b5f3-4a7167da730a, value=[Ljava.lang.CharSequence;@64dc86c6}]
[main] INFO org.openqa.selenium.WebDriver - Перед поиском элемента path: By.cssSelector: .span2[name='_password']
июл 20, 2021 5:36:37 PM org.openqa.selenium.remote.RemoteWebDriver log
INFO: Executing: findElement [534e19a7b7b4497870479165939a1708, findElement {using=css selector, value=.span2[name='_password']}]
июл 20, 2021 5:36:37 PM org.openqa.selenium.remote.RemoteWebDriver log
INFO: Executed: [534e19a7b7b4497870479165939a1708, findElement {using=css selector, value=.span2[name='_password']}]
июл 20, 2021 5:36:37 PM org.openqa.selenium.remote.RemoteWebDriver log
INFO: Executing: sendKeysToElement [534e19a7b7b4497870479165939a1708, sendKeysToElement {id=076d5194-3f67-407a-a863-5775ddd47f20, value=[Ljava.lang.CharSequence;@7de35070}]
июл 20, 2021 5:36:37 PM org.openqa.selenium.remote.RemoteWebDriver log
INFO: Executed: [534e19a7b7b4497870479165939a1708, sendKeysToElement {id=076d5194-3f67-407a-a863-5775ddd47f20, value=[Ljava.lang.CharSequence;@7de35070}]
[main] INFO org.openqa.selenium.WebDriver - Перед поиском элемента path: By.xpath: .//button[@name='_submit']
июл 20, 2021 5:36:37 PM org.openqa.selenium.remote.RemoteWebDriver log
INFO: Executing: findElement [534e19a7b7b4497870479165939a1708, findElement {using=xpath, value=.//button[@name='_submit']}]
июл 20, 2021 5:36:38 PM org.openqa.selenium.remote.RemoteWebDriver log
INFO: Executed: [534e19a7b7b4497870479165939a1708, findElement {using=xpath, value=.//button[@name='_submit']}]
июл 20, 2021 5:36:38 PM org.openqa.selenium.remote.RemoteWebDriver log
INFO: Executing: getElementTagName [534e19a7b7b4497870479165939a1708, getElementTagName {id=bab07355-b643-45f3-92a8-cb33546473df}]
июл 20, 2021 5:36:38 PM org.openqa.selenium.remote.RemoteWebDriver log
INFO: Executed: [534e19a7b7b4497870479165939a1708, getElementTagName {id=bab07355-b643-45f3-92a8-cb33546473df}]
июл 20, 2021 5:36:38 PM org.openqa.selenium.remote.RemoteWebDriver log
INFO: Executing: isElementEnabled [534e19a7b7b4497870479165939a1708, isElementEnabled {id=bab07355-b643-45f3-92a8-cb33546473df}]
июл 20, 2021 5:36:38 PM org.openqa.selenium.remote.RemoteWebDriver log
INFO: Executed: [534e19a7b7b4497870479165939a1708, isElementEnabled {id=bab07355-b643-45f3-92a8-cb33546473df}]
июл 20, 2021 5:36:38 PM org.openqa.selenium.remote.RemoteWebDriver log
INFO: Executing: isElementDisplayed [534e19a7b7b4497870479165939a1708, isElementDisplayed {id=bab07355-b643-45f3-92a8-cb33546473df}]
июл 20, 2021 5:36:38 PM org.openqa.selenium.remote.RemoteWebDriver log
INFO: Executed: [534e19a7b7b4497870479165939a1708, isElementDisplayed {id=bab07355-b643-45f3-92a8-cb33546473df}]
[main] INFO org.openqa.selenium.WebDriver - Before click on element with tagname = button, enabled = true, is_displayed = true 
июл 20, 2021 5:36:38 PM org.openqa.selenium.remote.RemoteWebDriver log
INFO: Executing: clickElement [534e19a7b7b4497870479165939a1708, clickElement {id=bab07355-b643-45f3-92a8-cb33546473df}]
июл 20, 2021 5:36:42 PM org.openqa.selenium.remote.RemoteWebDriver log
INFO: Executed: [534e19a7b7b4497870479165939a1708, clickElement {id=bab07355-b643-45f3-92a8-cb33546473df}]
июл 20, 2021 5:36:42 PM org.openqa.selenium.remote.RemoteWebDriver log
INFO: Executing: getElementTagName [534e19a7b7b4497870479165939a1708, getElementTagName {id=bab07355-b643-45f3-92a8-cb33546473df}]
июл 20, 2021 5:36:42 PM org.openqa.selenium.remote.RemoteWebDriver log
INFO: Executed: [534e19a7b7b4497870479165939a1708, getElementTagName {id=bab07355-b643-45f3-92a8-cb33546473df}]
июл 20, 2021 5:36:42 PM org.openqa.selenium.remote.RemoteWebDriver log
INFO: Executing: screenshot [534e19a7b7b4497870479165939a1708, screenshot {}]
июл 20, 2021 5:36:43 PM org.openqa.selenium.remote.RemoteWebDriver log
INFO: Executed: [534e19a7b7b4497870479165939a1708, screenshot {}]
[main] ERROR org.openqa.selenium.WebDriver - onException: Screenshot saved in target/failure-screenshot-1626791802870.png
июл 20, 2021 5:36:43 PM org.openqa.selenium.remote.RemoteWebDriver log
INFO: Executing: getLog [534e19a7b7b4497870479165939a1708, getLog {type=browser}]
июл 20, 2021 5:36:43 PM org.openqa.selenium.remote.RemoteWebDriver log
INFO: Executed: [534e19a7b7b4497870479165939a1708, getLog {type=browser}]
июл 20, 2021 5:36:43 PM org.openqa.selenium.remote.RemoteWebDriver log
INFO: Executing: quit [534e19a7b7b4497870479165939a1708, quit {}]
июл 20, 2021 5:36:43 PM org.openqa.selenium.remote.RemoteWebDriver log
INFO: Executed: [534e19a7b7b4497870479165939a1708, quit {}]
]]></system-err>
  </testcase>
  <testcase name="loginWithCookieTest" classname="features.login.PositiveLoginTest" time="10.975">
    <failure message="expected: &lt;https://crm.geekbrains.space/user/login&gt; but was: &lt;https://crm.geekbrains.space/&gt;" type="org.opentest4j.AssertionFailedError"><![CDATA[org.opentest4j.AssertionFailedError: expected: <https://crm.geekbrains.space/user/login> but was: <https://crm.geekbrains.space/>
	at features.login.PositiveLoginTest.loginWithCookieTest(PositiveLoginTest.java:43)
]]></failure>
    <system-out><![CDATA[========================= START LOG BROWSER =============
========================= END LOG BROWSER =============
]]></system-out>
    <system-err><![CDATA[Starting ChromeDriver 91.0.4472.101 (af52a90bf87030dd1523486a1cd3ae25c5d76c9b-refs/branch-heads/4472@{#1462}) on port 22952
Only local connections are allowed.
Please see https://chromedriver.chromium.org/security-considerations for suggestions on keeping ChromeDriver safe.
ChromeDriver was started successfully.
июл 20, 2021 5:36:44 PM org.openqa.selenium.remote.ProtocolHandshake createSession
INFO: Detected dialect: W3C
июл 20, 2021 5:36:44 PM org.openqa.selenium.remote.RemoteWebDriver log
INFO: Executing: setTimeout [63f75ff8048a0fa62093128a0a459c89, setTimeout {implicit=10000}]
июл 20, 2021 5:36:44 PM org.openqa.selenium.remote.RemoteWebDriver log
INFO: Executed: [63f75ff8048a0fa62093128a0a459c89, setTimeout {implicit=10000}]
июл 20, 2021 5:36:44 PM org.openqa.selenium.remote.RemoteWebDriver log
INFO: Executing: maximizeCurrentWindow [63f75ff8048a0fa62093128a0a459c89, maximizeCurrentWindow {}]
июл 20, 2021 5:36:45 PM org.openqa.selenium.remote.RemoteWebDriver log
INFO: Executed: [63f75ff8048a0fa62093128a0a459c89, maximizeCurrentWindow {}]
июл 20, 2021 5:36:45 PM org.openqa.selenium.remote.RemoteWebDriver log
INFO: Executing: get [63f75ff8048a0fa62093128a0a459c89, get {url=https://crm.geekbrains.space/user/login}]
июл 20, 2021 5:36:50 PM org.openqa.selenium.remote.RemoteWebDriver log
INFO: Executed: [63f75ff8048a0fa62093128a0a459c89, get {url=https://crm.geekbrains.space/user/login}]
июл 20, 2021 5:36:50 PM org.openqa.selenium.remote.RemoteWebDriver log
INFO: Executing: get [63f75ff8048a0fa62093128a0a459c89, get {url=https://crm.geekbrains.space/}]
июл 20, 2021 5:36:52 PM org.openqa.selenium.remote.RemoteWebDriver log
INFO: Executed: [63f75ff8048a0fa62093128a0a459c89, get {url=https://crm.geekbrains.space/}]
июл 20, 2021 5:36:52 PM org.openqa.selenium.remote.RemoteWebDriver log
INFO: Executing: addCookie [63f75ff8048a0fa62093128a0a459c89, addCookie {cookie=BAPID=c06ded2dea21a32e33f50811c141fa2d; path=/}]
июл 20, 2021 5:36:52 PM org.openqa.selenium.remote.RemoteWebDriver log
INFO: Executed: [63f75ff8048a0fa62093128a0a459c89, addCookie {cookie=BAPID=c06ded2dea21a32e33f50811c141fa2d; path=/}]
июл 20, 2021 5:36:52 PM org.openqa.selenium.remote.RemoteWebDriver log
INFO: Executing: get [63f75ff8048a0fa62093128a0a459c89, get {url=https://crm.geekbrains.space/}]
июл 20, 2021 5:36:54 PM org.openqa.selenium.remote.RemoteWebDriver log
INFO: Executed: [63f75ff8048a0fa62093128a0a459c89, get {url=https://crm.geekbrains.space/}]
июл 20, 2021 5:36:54 PM org.openqa.selenium.remote.RemoteWebDriver log
INFO: Executing: getCurrentUrl [63f75ff8048a0fa62093128a0a459c89, getCurrentUrl {}]
июл 20, 2021 5:36:54 PM org.openqa.selenium.remote.RemoteWebDriver log
INFO: Executed: [63f75ff8048a0fa62093128a0a459c89, getCurrentUrl {}]
июл 20, 2021 5:36:54 PM org.openqa.selenium.remote.RemoteWebDriver log
INFO: Executing: getLog [63f75ff8048a0fa62093128a0a459c89, getLog {type=browser}]
июл 20, 2021 5:36:54 PM org.openqa.selenium.remote.RemoteWebDriver log
INFO: Executed: [63f75ff8048a0fa62093128a0a459c89, getLog {type=browser}]
июл 20, 2021 5:36:54 PM org.openqa.selenium.remote.RemoteWebDriver log
INFO: Executing: quit [63f75ff8048a0fa62093128a0a459c89, quit {}]
июл 20, 2021 5:36:54 PM org.openqa.selenium.remote.RemoteWebDriver log
INFO: Executed: [63f75ff8048a0fa62093128a0a459c89, quit {}]
]]></system-err>
  </testcase>
</testsuite>